<?xml version="1.0" encoding="UTF-8"?>
<testng-results total="1" passed="1" failed="0" skipped="0">
  <reporter-output>
  </reporter-output>
  <suite started-at="2022-04-06T14:21:03Z" name="ConnectReqResp" finished-at="2022-04-06T14:21:05Z" duration-ms="2875">
    <groups>
    </groups>
    <test started-at="2022-04-06T14:21:03Z" name="ConnectReqResp" finished-at="2022-04-06T14:21:05Z" duration-ms="2875">
      <class name="ConnectReqResp.ReqResTime">
        <test-method signature="orderReqRes()[pri:0, instance:ConnectReqResp.ReqResTime@1ab06251]" started-at="2022-04-06T19:51:03Z" name="orderReqRes" finished-at="2022-04-06T19:51:05Z" duration-ms="2838" status="PASS">
          <reporter-output>
          </reporter-output>
        </test-method> <!-- orderReqRes -->
      </class> <!-- ConnectReqResp.ReqResTime -->
    </test> <!-- ConnectReqResp -->
  </suite> <!-- ConnectReqResp -->
</testng-results>
