<?xml version="1.0" encoding="UTF-8"?>
<testng-results total="1" passed="1" failed="0" skipped="0">
  <reporter-output>
  </reporter-output>
  <suite started-at="2022-04-06T12:53:13Z" name="NetAgentSmokeTest" finished-at="2022-04-06T12:54:09Z" duration-ms="55886">
    <groups>
    </groups>
    <test started-at="2022-04-06T12:53:13Z" name="NetAgentSmoke" finished-at="2022-04-06T12:54:09Z" duration-ms="55886">
      <class name="ConnectReqRespProject.ConnectReqResp.ReqResTime">
        <test-method signature="orderReqRes()[pri:0, instance:ConnectReqRespProject.ConnectReqResp.ReqResTime@1ab06251]" started-at="2022-04-06T18:23:13Z" name="orderReqRes" finished-at="2022-04-06T18:24:09Z" duration-ms="55867" status="PASS">
          <reporter-output>
          </reporter-output>
        </test-method> <!-- orderReqRes -->
      </class> <!-- ConnectReqRespProject.ConnectReqResp.ReqResTime -->
    </test> <!-- NetAgentSmoke -->
  </suite> <!-- NetAgentSmokeTest -->
</testng-results>
